<?xml version="1.0" encoding="UTF-8"?>
<testng-results ignored="0" total="1" passed="1" failed="0" skipped="0">
  <reporter-output>
  </reporter-output>
  <suite started-at="2025-12-28T21:39:23 IST" name="Parallel Suite" finished-at="2025-12-28T21:39:31 IST" duration-ms="7625">
    <groups>
    </groups>
    <test started-at="2025-12-28T21:39:23 IST" name="Login Tests" finished-at="2025-12-28T21:39:31 IST" duration-ms="7625">
      <class name="tests.LoginTest">
        <test-method signature="Loginhrm()[pri:0, instance:tests.LoginTest@4c371370]" started-at="2025-12-28T21:39:23 IST" name="Loginhrm" finished-at="2025-12-28T21:39:31 IST" duration-ms="7575" status="PASS">
          <reporter-output>
          </reporter-output>
        </test-method> <!-- Loginhrm -->
      </class> <!-- tests.LoginTest -->
    </test> <!-- Login Tests -->
  </suite> <!-- Parallel Suite -->
</testng-results>
